Build started 29/10/2015 11:43:02.
     1>Project "C:\Users\ulzegasi\Cpp\Params_Inference_2\Params_Inference_2\Params_Inference_2.vcxproj" on node 2 (Build target(s)).
     1>ClCompile:
         C:\Program Files (x86)\Microsoft Visual Studio 12.0\VC\bin\CL.exe /c /Zi /nologo /W3 /WX- /O2 /Oy- /D WIN32 /D _DEBUG /D _CONSOLE /D _LIB /D _UNICODE /D UNICODE /Gm /EHsc /MDd /GS /fp:precise /Zc:wchar_t /Zc:forScope /openmp /Fo"Debug\\" /Fd"Debug\vc120.pdb" /Gd /TP /analyze- /errorReport:prompt main.cpp
         main.cpp
     1>main.cpp(226): warning C4018: '<' : signed/unsigned mismatch
     1>main.cpp(352): warning C4244: '=' : conversion from 'double' to 'int', possible loss of data
     1>main.cpp(370): warning C4305: 'initializing' : truncation from '__int64' to 'size_t'
     1>main.cpp(370): warning C4309: 'initializing' : truncation of constant value
     1>main.cpp(615): warning C4018: '<' : signed/unsigned mismatch
     1>main.cpp(628): warning C4018: '<' : signed/unsigned mismatch
     1>main.cpp(636): warning C4244: 'argument' : conversion from 'double' to 'unsigned int', possible loss of data
     1>main.cpp(637): warning C4244: 'argument' : conversion from 'double' to 'unsigned int', possible loss of data
     1>main.cpp(637): warning C4244: '=' : conversion from 'double' to 'int', possible loss of data
     1>main.cpp(638): warning C4244: 'argument' : conversion from 'double' to 'unsigned int', possible loss of data
     1>main.cpp(639): warning C4244: 'argument' : conversion from 'double' to 'unsigned int', possible loss of data
     1>main.cpp(639): warning C4244: '=' : conversion from 'double' to 'int', possible loss of data
     1>main.cpp(678): warning C4018: '<' : signed/unsigned mismatch
     1>main.cpp(697): warning C4018: '<' : signed/unsigned mismatch
     1>main.cpp(764): warning C4018: '<' : signed/unsigned mismatch
     1>main.cpp(769): warning C4018: '<' : signed/unsigned mismatch
     1>main.cpp(774): warning C4018: '<' : signed/unsigned mismatch
     1>c:\users\ulzegasi\cpp\params_inference_2\params_inference_2\main.cpp(746): warning C4723: potential divide by 0
       Link:
         C:\Program Files (x86)\Microsoft Visual Studio 12.0\VC\bin\link.exe /ERRORREPORT:PROMPT /OUT:"C:\Users\ulzegasi\Cpp\Params_Inference_2\Debug\Params_Inference_2.exe" /INCREMENTAL /NOLOGO kernel32.lib user32.lib gdi32.lib winspool.lib comdlg32.lib advapi32.lib shell32.lib ole32.lib oleaut32.lib uuid.lib odbc32.lib odbccp32.lib /MANIFEST /MANIFESTUAC:"level='asInvoker' uiAccess='false'" /manifest:embed /DEBUG /PDB:"C:\Users\ulzegasi\Cpp\Params_Inference_2\Debug\Params_Inference_2.pdb" /SUBSYSTEM:CONSOLE /TLBID:1 /DYNAMICBASE /NXCOMPAT /IMPLIB:"C:\Users\ulzegasi\Cpp\Params_Inference_2\Debug\Params_Inference_2.lib" /MACHINE:X86 Debug\aVfun.obj
         Debug\main.obj
         Debug\napa.obj
         Debug\Vfun.obj
         Params_Inference_2.vcxproj -> C:\Users\ulzegasi\Cpp\Params_Inference_2\Debug\Params_Inference_2.exe
     1>Done Building Project "C:\Users\ulzegasi\Cpp\Params_Inference_2\Params_Inference_2\Params_Inference_2.vcxproj" (Build target(s)).

Build succeeded.

Time Elapsed 00:00:03.19
